SF:/Users/alex/repos/victoryforphil/game-maths/src/main.rs
FN:33,_RNvNtCscxllNUsyshg_10game_maths5testss_9test_main
FN:8,_RNvCscxllNUsyshg_10game_maths4main
FN:32,_RNCNvNtCscxllNUsyshg_10game_maths5tests9test_main0B5_
FNDA:1,_RNvNtCscxllNUsyshg_10game_maths5testss_9test_main
FNDA:1,_RNvCscxllNUsyshg_10game_maths4main
FNDA:1,_RNCNvNtCscxllNUsyshg_10game_maths5tests9test_main0B5_
FNF:3
FNH:3
DA:8,1
DA:9,1
DA:10,1
DA:11,1
DA:12,1
DA:13,1
DA:14,1
DA:15,1
DA:16,1
DA:17,1
DA:18,1
DA:19,1
DA:20,1
DA:21,1
DA:22,1
DA:23,1
DA:24,1
DA:25,1
DA:26,1
DA:32,1
DA:33,1
DA:34,1
DA:35,1
BRF:0
BRH:0
LF:23
LH:23
end_of_record
SF:/Users/alex/repos/victoryforphil/game-maths/src/maths/mod.rs
FN:17,_RNCNvNtNtCs6ITe95fhGAv_10game_maths5maths5tests10test_maths0B7_
FN:18,_RNvNtNtCs6ITe95fhGAv_10game_maths5maths5testss_10test_maths
FN:8,_RNvMNtCs6ITe95fhGAv_10game_maths5mathsNtB2_5Maths3new
FN:5,_RNvXs_NtCs6ITe95fhGAv_10game_maths5mathsNtB4_5MathsNtNtCs8wOFr1cHCbA_4core3fmt5Debug3fmt
FN:5,_RNvXs1_NtCs6ITe95fhGAv_10game_maths5mathsNtB5_5MathsNtNtCs8wOFr1cHCbA_4core3cmp9PartialEq2eqB7_
FN:5,_RNvXs1_NtCsapaqfmejMhD_10game_maths5mathsNtB5_5MathsNtNtCs8wOFr1cHCbA_4core3cmp9PartialEq2eqB7_
FNDA:1,_RNCNvNtNtCs6ITe95fhGAv_10game_maths5maths5tests10test_maths0B7_
FNDA:1,_RNvNtNtCs6ITe95fhGAv_10game_maths5maths5testss_10test_maths
FNDA:1,_RNvMNtCs6ITe95fhGAv_10game_maths5mathsNtB2_5Maths3new
FNDA:0,_RNvXs_NtCs6ITe95fhGAv_10game_maths5mathsNtB4_5MathsNtNtCs8wOFr1cHCbA_4core3fmt5Debug3fmt
FNDA:1,_RNvXs1_NtCs6ITe95fhGAv_10game_maths5mathsNtB5_5MathsNtNtCs8wOFr1cHCbA_4core3cmp9PartialEq2eqB7_
FNDA:0,_RNvXs1_NtCsapaqfmejMhD_10game_maths5mathsNtB5_5MathsNtNtCs8wOFr1cHCbA_4core3cmp9PartialEq2eqB7_
FNF:5
FNH:4
DA:5,1
DA:8,1
DA:9,1
DA:10,1
DA:17,1
DA:18,1
DA:19,1
DA:20,1
DA:21,1
BRF:0
BRH:0
LF:10
LH:9
end_of_record
SF:/Users/alex/repos/victoryforphil/game-maths/src/maths/vector_3.rs
FN:284,_RNCNvNtNtNtCs6ITe95fhGAv_10game_maths5maths8vector_35tests19test_vector_3d_from0B9_
FN:277,_RNCNvNtNtNtCs6ITe95fhGAv_10game_maths5maths8vector_35tests19test_vector_3d_into0B9_
FN:242,_RNCNvNtNtNtCs6ITe95fhGAv_10game_maths5maths8vector_35tests25test_vector_3d_from_slice0B9_
FN:266,_RNCNvNtNtNtCs6ITe95fhGAv_10game_maths5maths8vector_35tests24test_vector_3d_index_mut0B9_
FN:231,_RNCNvNtNtNtCs6ITe95fhGAv_10game_maths5maths8vector_35tests14test_vector_3d0B9_
FN:258,_RNCNvNtNtNtCs6ITe95fhGAv_10game_maths5maths8vector_35tests20test_vector_3d_index0B9_
FN:290,_RNCNvNtNtNtCs6ITe95fhGAv_10game_maths5maths8vector_35tests21test_vector_3d_scalar0B9_
FN:250,_RNCNvNtNtNtCs6ITe95fhGAv_10game_maths5maths8vector_35tests25test_vector_3d_from_array0B9_
FN:6,_RNvXsb_NtNtCs6ITe95fhGAv_10game_maths5maths8vector_3NtB5_8Vector3DNtNtCs8wOFr1cHCbA_4core5clone5Clone5cloneB9_
FN:71,_RNvXs3_NtNtCs6ITe95fhGAv_10game_maths5maths8vector_3Afj3_INtNtCs8wOFr1cHCbA_4core7convert4FromNtB5_8Vector3DE4from
FN:158,_RNvXs9_NtNtCs6ITe95fhGAv_10game_maths5maths8vector_3NtB5_8Vector3DINtNtNtCs8wOFr1cHCbA_4core3ops5arith9DivAssigndE10div_assign
FN:25,_RNvXs_NtNtCs6ITe95fhGAv_10game_maths5maths8vector_3NtB4_8Vector3DNtNtCs8wOFr1cHCbA_4core3fmt5Debug3fmt
FN:56,_RNvXs1_NtNtCs6ITe95fhGAv_10game_maths5maths8vector_3Adj3_INtNtCs8wOFr1cHCbA_4core7convert4FromNtB5_8Vector3DE4from
FN:95,_RNvXs5_NtNtCs6ITe95fhGAv_10game_maths5maths8vector_3NtB5_8Vector3DINtNtNtCs8wOFr1cHCbA_4core3ops5index8IndexMutjE9index_mut
FN:128,_RNvXs7_NtNtCs6ITe95fhGAv_10game_maths5maths8vector_3NtB5_8Vector3DINtNtNtCs8wOFr1cHCbA_4core3ops5arith9MulAssigndE10mul_assign
FN:180,_RNvMsa_NtNtCs6ITe95fhGAv_10game_maths5maths8vector_3NtB5_8Vector3D3new
FN:196,_RNvMsa_NtNtCs6ITe95fhGAv_10game_maths5maths8vector_3NtB5_8Vector3D10from_slice
FN:36,_RNvXs0_NtNtCs6ITe95fhGAv_10game_maths5maths8vector_3NtB5_8Vector3DINtNtNtCs8wOFr1cHCbA_4core3ops5index5IndexjE5index
FN:15,_RNvXNtNtCs6ITe95fhGAv_10game_maths5maths8vector_3NtB2_8Vector3DNtNtCs8wOFr1cHCbA_4core7default7Default7default
FN:62,_RNvXs2_NtNtCs6ITe95fhGAv_10game_maths5maths8vector_3NtB5_8Vector3DINtNtCs8wOFr1cHCbA_4core7convert4FromAdj3_E4from
FN:77,_RNvXs4_NtNtCs6ITe95fhGAv_10game_maths5maths8vector_3NtB5_8Vector3DNtNtCs8wOFr1cHCbA_4core3cmp9PartialEq2eq
FN:117,_RNvXs6_NtNtCs6ITe95fhGAv_10game_maths5maths8vector_3NtB5_8Vector3DINtNtNtCs8wOFr1cHCbA_4core3ops5arith3MuldE3mul
FN:147,_RNvXs8_NtNtCs6ITe95fhGAv_10game_maths5maths8vector_3NtB5_8Vector3DINtNtNtCs8wOFr1cHCbA_4core3ops5arith3DivdE3div
FN:216,_RNvMsa_NtNtCs6ITe95fhGAv_10game_maths5maths8vector_3NtB5_8Vector3D10from_array
FN:278,_RNvNtNtNtCs6ITe95fhGAv_10game_maths5maths8vector_35testss_19test_vector_3d_into
FN:243,_RNvNtNtNtCs6ITe95fhGAv_10game_maths5maths8vector_35testss_25test_vector_3d_from_slice
FN:267,_RNvNtNtNtCs6ITe95fhGAv_10game_maths5maths8vector_35testss_24test_vector_3d_index_mut
FN:232,_RNvNtNtNtCs6ITe95fhGAv_10game_maths5maths8vector_35testss_14test_vector_3d
FN:259,_RNvNtNtNtCs6ITe95fhGAv_10game_maths5maths8vector_35testss_20test_vector_3d_index
FN:291,_RNvNtNtNtCs6ITe95fhGAv_10game_maths5maths8vector_35testss_21test_vector_3d_scalar
FN:251,_RNvNtNtNtCs6ITe95fhGAv_10game_maths5maths8vector_35testss_25test_vector_3d_from_array
FN:285,_RNvNtNtNtCs6ITe95fhGAv_10game_maths5maths8vector_35testss_19test_vector_3d_from
FN:6,_RNvXsb_NtNtCsapaqfmejMhD_10game_maths5maths8vector_3NtB5_8Vector3DNtNtCs8wOFr1cHCbA_4core5clone5Clone5cloneB9_
FN:158,_RNvXs9_NtNtCsapaqfmejMhD_10game_maths5maths8vector_3NtB5_8Vector3DINtNtNtCs8wOFr1cHCbA_4core3ops5arith9DivAssigndE10div_assign
FN:95,_RNvXs5_NtNtCsapaqfmejMhD_10game_maths5maths8vector_3NtB5_8Vector3DINtNtNtCs8wOFr1cHCbA_4core3ops5index8IndexMutjE9index_mut
FN:180,_RNvMsa_NtNtCsapaqfmejMhD_10game_maths5maths8vector_3NtB5_8Vector3D3new
FN:71,_RNvXs3_NtNtCsapaqfmejMhD_10game_maths5maths8vector_3Afj3_INtNtCs8wOFr1cHCbA_4core7convert4FromNtB5_8Vector3DE4from
FN:36,_RNvXs0_NtNtCsapaqfmejMhD_10game_maths5maths8vector_3NtB5_8Vector3DINtNtNtCs8wOFr1cHCbA_4core3ops5index5IndexjE5index
FN:62,_RNvXs2_NtNtCsapaqfmejMhD_10game_maths5maths8vector_3NtB5_8Vector3DINtNtCs8wOFr1cHCbA_4core7convert4FromAdj3_E4from
FN:77,_RNvXs4_NtNtCsapaqfmejMhD_10game_maths5maths8vector_3NtB5_8Vector3DNtNtCs8wOFr1cHCbA_4core3cmp9PartialEq2eq
FN:147,_RNvXs8_NtNtCsapaqfmejMhD_10game_maths5maths8vector_3NtB5_8Vector3DINtNtNtCs8wOFr1cHCbA_4core3ops5arith3DivdE3div
FN:216,_RNvMsa_NtNtCsapaqfmejMhD_10game_maths5maths8vector_3NtB5_8Vector3D10from_array
FN:25,_RNvXs_NtNtCsapaqfmejMhD_10game_maths5maths8vector_3NtB4_8Vector3DNtNtCs8wOFr1cHCbA_4core3fmt5Debug3fmt
FN:56,_RNvXs1_NtNtCsapaqfmejMhD_10game_maths5maths8vector_3Adj3_INtNtCs8wOFr1cHCbA_4core7convert4FromNtB5_8Vector3DE4from
FN:128,_RNvXs7_NtNtCsapaqfmejMhD_10game_maths5maths8vector_3NtB5_8Vector3DINtNtNtCs8wOFr1cHCbA_4core3ops5arith9MulAssigndE10mul_assign
FN:196,_RNvMsa_NtNtCsapaqfmejMhD_10game_maths5maths8vector_3NtB5_8Vector3D10from_slice
FN:15,_RNvXNtNtCsapaqfmejMhD_10game_maths5maths8vector_3NtB2_8Vector3DNtNtCs8wOFr1cHCbA_4core7default7Default7default
FN:117,_RNvXs6_NtNtCsapaqfmejMhD_10game_maths5maths8vector_3NtB5_8Vector3DINtNtNtCs8wOFr1cHCbA_4core3ops5arith3MuldE3mul
FNDA:1,_RNCNvNtNtNtCs6ITe95fhGAv_10game_maths5maths8vector_35tests19test_vector_3d_from0B9_
FNDA:1,_RNCNvNtNtNtCs6ITe95fhGAv_10game_maths5maths8vector_35tests19test_vector_3d_into0B9_
FNDA:1,_RNCNvNtNtNtCs6ITe95fhGAv_10game_maths5maths8vector_35tests25test_vector_3d_from_slice0B9_
FNDA:1,_RNCNvNtNtNtCs6ITe95fhGAv_10game_maths5maths8vector_35tests24test_vector_3d_index_mut0B9_
FNDA:1,_RNCNvNtNtNtCs6ITe95fhGAv_10game_maths5maths8vector_35tests14test_vector_3d0B9_
FNDA:1,_RNCNvNtNtNtCs6ITe95fhGAv_10game_maths5maths8vector_35tests20test_vector_3d_index0B9_
FNDA:1,_RNCNvNtNtNtCs6ITe95fhGAv_10game_maths5maths8vector_35tests21test_vector_3d_scalar0B9_
FNDA:1,_RNCNvNtNtNtCs6ITe95fhGAv_10game_maths5maths8vector_35tests25test_vector_3d_from_array0B9_
FNDA:0,_RNvXsb_NtNtCs6ITe95fhGAv_10game_maths5maths8vector_3NtB5_8Vector3DNtNtCs8wOFr1cHCbA_4core5clone5Clone5cloneB9_
FNDA:0,_RNvXs3_NtNtCs6ITe95fhGAv_10game_maths5maths8vector_3Afj3_INtNtCs8wOFr1cHCbA_4core7convert4FromNtB5_8Vector3DE4from
FNDA:1,_RNvXs9_NtNtCs6ITe95fhGAv_10game_maths5maths8vector_3NtB5_8Vector3DINtNtNtCs8wOFr1cHCbA_4core3ops5arith9DivAssigndE10div_assign
FNDA:0,_RNvXs_NtNtCs6ITe95fhGAv_10game_maths5maths8vector_3NtB4_8Vector3DNtNtCs8wOFr1cHCbA_4core3fmt5Debug3fmt
FNDA:1,_RNvXs1_NtNtCs6ITe95fhGAv_10game_maths5maths8vector_3Adj3_INtNtCs8wOFr1cHCbA_4core7convert4FromNtB5_8Vector3DE4from
FNDA:3,_RNvXs5_NtNtCs6ITe95fhGAv_10game_maths5maths8vector_3NtB5_8Vector3DINtNtNtCs8wOFr1cHCbA_4core3ops5index8IndexMutjE9index_mut
FNDA:1,_RNvXs7_NtNtCs6ITe95fhGAv_10game_maths5maths8vector_3NtB5_8Vector3DINtNtNtCs8wOFr1cHCbA_4core3ops5arith9MulAssigndE10mul_assign
FNDA:6,_RNvMsa_NtNtCs6ITe95fhGAv_10game_maths5maths8vector_3NtB5_8Vector3D3new
FNDA:1,_RNvMsa_NtNtCs6ITe95fhGAv_10game_maths5maths8vector_3NtB5_8Vector3D10from_slice
FNDA:6,_RNvXs0_NtNtCs6ITe95fhGAv_10game_maths5maths8vector_3NtB5_8Vector3DINtNtNtCs8wOFr1cHCbA_4core3ops5index5IndexjE5index
FNDA:1,_RNvXNtNtCs6ITe95fhGAv_10game_maths5maths8vector_3NtB2_8Vector3DNtNtCs8wOFr1cHCbA_4core7default7Default7default
FNDA:8,_RNvXs2_NtNtCs6ITe95fhGAv_10game_maths5maths8vector_3NtB5_8Vector3DINtNtCs8wOFr1cHCbA_4core7convert4FromAdj3_E4from
FNDA:7,_RNvXs4_NtNtCs6ITe95fhGAv_10game_maths5maths8vector_3NtB5_8Vector3DNtNtCs8wOFr1cHCbA_4core3cmp9PartialEq2eq
FNDA:1,_RNvXs6_NtNtCs6ITe95fhGAv_10game_maths5maths8vector_3NtB5_8Vector3DINtNtNtCs8wOFr1cHCbA_4core3ops5arith3MuldE3mul
FNDA:1,_RNvXs8_NtNtCs6ITe95fhGAv_10game_maths5maths8vector_3NtB5_8Vector3DINtNtNtCs8wOFr1cHCbA_4core3ops5arith3DivdE3div
FNDA:1,_RNvMsa_NtNtCs6ITe95fhGAv_10game_maths5maths8vector_3NtB5_8Vector3D10from_array
FNDA:1,_RNvNtNtNtCs6ITe95fhGAv_10game_maths5maths8vector_35testss_19test_vector_3d_into
FNDA:1,_RNvNtNtNtCs6ITe95fhGAv_10game_maths5maths8vector_35testss_25test_vector_3d_from_slice
FNDA:1,_RNvNtNtNtCs6ITe95fhGAv_10game_maths5maths8vector_35testss_24test_vector_3d_index_mut
FNDA:1,_RNvNtNtNtCs6ITe95fhGAv_10game_maths5maths8vector_35testss_14test_vector_3d
FNDA:1,_RNvNtNtNtCs6ITe95fhGAv_10game_maths5maths8vector_35testss_20test_vector_3d_index
FNDA:1,_RNvNtNtNtCs6ITe95fhGAv_10game_maths5maths8vector_35testss_21test_vector_3d_scalar
FNDA:1,_RNvNtNtNtCs6ITe95fhGAv_10game_maths5maths8vector_35testss_25test_vector_3d_from_array
FNDA:1,_RNvNtNtNtCs6ITe95fhGAv_10game_maths5maths8vector_35testss_19test_vector_3d_from
FNDA:0,_RNvXsb_NtNtCsapaqfmejMhD_10game_maths5maths8vector_3NtB5_8Vector3DNtNtCs8wOFr1cHCbA_4core5clone5Clone5cloneB9_
FNDA:0,_RNvXs9_NtNtCsapaqfmejMhD_10game_maths5maths8vector_3NtB5_8Vector3DINtNtNtCs8wOFr1cHCbA_4core3ops5arith9DivAssigndE10div_assign
FNDA:0,_RNvXs5_NtNtCsapaqfmejMhD_10game_maths5maths8vector_3NtB5_8Vector3DINtNtNtCs8wOFr1cHCbA_4core3ops5index8IndexMutjE9index_mut
FNDA:0,_RNvMsa_NtNtCsapaqfmejMhD_10game_maths5maths8vector_3NtB5_8Vector3D3new
FNDA:0,_RNvXs3_NtNtCsapaqfmejMhD_10game_maths5maths8vector_3Afj3_INtNtCs8wOFr1cHCbA_4core7convert4FromNtB5_8Vector3DE4from
FNDA:0,_RNvXs0_NtNtCsapaqfmejMhD_10game_maths5maths8vector_3NtB5_8Vector3DINtNtNtCs8wOFr1cHCbA_4core3ops5index5IndexjE5index
FNDA:0,_RNvXs2_NtNtCsapaqfmejMhD_10game_maths5maths8vector_3NtB5_8Vector3DINtNtCs8wOFr1cHCbA_4core7convert4FromAdj3_E4from
FNDA:0,_RNvXs4_NtNtCsapaqfmejMhD_10game_maths5maths8vector_3NtB5_8Vector3DNtNtCs8wOFr1cHCbA_4core3cmp9PartialEq2eq
FNDA:0,_RNvXs8_NtNtCsapaqfmejMhD_10game_maths5maths8vector_3NtB5_8Vector3DINtNtNtCs8wOFr1cHCbA_4core3ops5arith3DivdE3div
FNDA:0,_RNvMsa_NtNtCsapaqfmejMhD_10game_maths5maths8vector_3NtB5_8Vector3D10from_array
FNDA:2,_RNvXs_NtNtCsapaqfmejMhD_10game_maths5maths8vector_3NtB4_8Vector3DNtNtCs8wOFr1cHCbA_4core3fmt5Debug3fmt
FNDA:0,_RNvXs1_NtNtCsapaqfmejMhD_10game_maths5maths8vector_3Adj3_INtNtCs8wOFr1cHCbA_4core7convert4FromNtB5_8Vector3DE4from
FNDA:0,_RNvXs7_NtNtCsapaqfmejMhD_10game_maths5maths8vector_3NtB5_8Vector3DINtNtNtCs8wOFr1cHCbA_4core3ops5arith9MulAssigndE10mul_assign
FNDA:0,_RNvMsa_NtNtCsapaqfmejMhD_10game_maths5maths8vector_3NtB5_8Vector3D10from_slice
FNDA:1,_RNvXNtNtCsapaqfmejMhD_10game_maths5maths8vector_3NtB2_8Vector3DNtNtCs8wOFr1cHCbA_4core7default7Default7default
FNDA:0,_RNvXs6_NtNtCsapaqfmejMhD_10game_maths5maths8vector_3NtB5_8Vector3DINtNtNtCs8wOFr1cHCbA_4core3ops5arith3MuldE3mul
FNF:32
FNH:30
DA:6,0
DA:15,2
DA:16,2
DA:17,2
DA:18,2
DA:19,2
DA:20,2
DA:21,2
DA:25,2
DA:26,2
DA:27,2
DA:28,2
DA:29,2
DA:30,2
DA:31,2
DA:36,6
DA:37,6
DA:38,2
DA:39,2
DA:40,2
DA:41,0
DA:43,6
DA:56,1
DA:57,1
DA:58,1
DA:62,8
DA:63,8
DA:64,8
DA:65,8
DA:66,8
DA:67,8
DA:68,8
DA:71,0
DA:72,0
DA:73,0
DA:77,7
DA:78,7
DA:79,7
DA:95,3
DA:96,3
DA:97,1
DA:98,1
DA:99,1
DA:100,0
DA:102,3
DA:117,1
DA:118,1
DA:119,1
DA:120,1
DA:121,1
DA:122,1
DA:123,1
DA:124,1
DA:128,1
DA:129,1
DA:130,1
DA:131,1
DA:132,1
DA:133,1
DA:147,1
DA:148,1
DA:149,1
DA:150,1
DA:151,1
DA:152,1
DA:153,1
DA:154,1
DA:158,1
DA:159,1
DA:160,1
DA:161,1
DA:162,1
DA:163,1
DA:180,6
DA:181,6
DA:182,6
DA:196,1
DA:197,1
DA:198,1
DA:199,1
DA:200,1
DA:201,1
DA:202,1
DA:216,1
DA:217,1
DA:218,1
DA:219,1
DA:220,1
DA:221,1
DA:222,1
DA:231,1
DA:232,1
DA:233,1
DA:234,1
DA:236,1
DA:237,1
DA:239,1
DA:240,1
DA:242,1
DA:243,1
DA:244,1
DA:245,1
DA:246,1
DA:247,1
DA:248,1
DA:250,1
DA:251,1
DA:252,1
DA:253,1
DA:254,1
DA:255,1
DA:256,1
DA:258,1
DA:259,1
DA:260,1
DA:261,1
DA:262,1
DA:263,1
DA:264,1
DA:266,1
DA:267,1
DA:268,1
DA:269,1
DA:270,1
DA:271,1
DA:272,1
DA:273,1
DA:274,1
DA:275,1
DA:277,1
DA:278,1
DA:279,1
DA:280,1
DA:281,1
DA:282,1
DA:284,1
DA:285,1
DA:286,1
DA:287,1
DA:288,1
DA:290,1
DA:291,1
DA:292,1
DA:293,1
DA:294,1
DA:295,1
DA:296,1
DA:298,1
DA:299,1
DA:300,1
DA:301,1
DA:302,1
DA:303,1
BRF:0
BRH:0
LF:153
LH:147
end_of_record