SF:/Users/alex/repos/victoryforphil/game-maths/src/main.rs
FN:35,_RNvNtCscxllNUsyshg_10game_maths5testss_9test_main
FN:8,_RNvCscxllNUsyshg_10game_maths4main
FN:34,_RNCNvNtCscxllNUsyshg_10game_maths5tests9test_main0B5_
FNDA:1,_RNvNtCscxllNUsyshg_10game_maths5testss_9test_main
FNDA:1,_RNvCscxllNUsyshg_10game_maths4main
FNDA:1,_RNCNvNtCscxllNUsyshg_10game_maths5tests9test_main0B5_
FNF:3
FNH:3
DA:8,1
DA:9,1
DA:10,1
DA:11,1
DA:12,1
DA:13,1
DA:14,1
DA:15,1
DA:16,1
DA:17,1
DA:18,1
DA:19,1
DA:20,1
DA:21,1
DA:22,1
DA:23,1
DA:24,1
DA:25,1
DA:26,1
DA:27,1
DA:28,1
DA:34,1
DA:35,1
DA:36,1
DA:37,1
BRF:0
BRH:0
LF:25
LH:25
end_of_record
SF:/Users/alex/repos/victoryforphil/game-maths/src/maths/matrix_3.rs
FN:156,_RNCNvNtNtNtCs6ITe95fhGAv_10game_maths5maths8matrix_35tests24test_matrix_3_order_test0B9_
FN:173,_RNCNvNtNtNtCs6ITe95fhGAv_10game_maths5maths8matrix_35tests25test_matrix_3_array_stuff0B9_
FN:145,_RNCNvNtNtNtCs6ITe95fhGAv_10game_maths5maths8matrix_35tests13test_matrix_30B9_
FN:67,_RNvXs1_NtNtCs6ITe95fhGAv_10game_maths5maths8matrix_3NtB5_8Matrix3DINtNtNtCs8wOFr1cHCbA_4core3ops5index8IndexMutTjjEE9index_mut
FN:133,_RNvMs2_NtNtCs6ITe95fhGAv_10game_maths5maths8matrix_3NtB5_8Matrix3D10index_test
FN:73,_RNvMs2_NtNtCs6ITe95fhGAv_10game_maths5maths8matrix_3NtB5_8Matrix3D3new
FN:13,_RNvXs6_NtNtCs6ITe95fhGAv_10game_maths5maths8matrix_3NtB5_8Matrix3DNtNtCs8wOFr1cHCbA_4core3cmp9PartialEq2eqB9_
FN:61,_RNvXs0_NtNtCs6ITe95fhGAv_10game_maths5maths8matrix_3NtB5_8Matrix3DINtNtNtCs8wOFr1cHCbA_4core3ops5index5IndexTjjEE5index
FN:19,_RNvXNtNtCs6ITe95fhGAv_10game_maths5maths8matrix_3NtB2_8Matrix3DNtNtCs8wOFr1cHCbA_4core7default7Default7default
FN:33,_RNvXs_NtNtCs6ITe95fhGAv_10game_maths5maths8matrix_3NtB4_8Matrix3DNtNtCs8wOFr1cHCbA_4core3fmt5Debug3fmt
FN:108,_RNvMs2_NtNtCs6ITe95fhGAv_10game_maths5maths8matrix_3NtB5_8Matrix3D11new_vectors
FN:13,_RNvXs3_NtNtCs6ITe95fhGAv_10game_maths5maths8matrix_3NtB5_8Matrix3DNtNtCs8wOFr1cHCbA_4core5clone5Clone5cloneB9_
FN:146,_RNvNtNtNtCs6ITe95fhGAv_10game_maths5maths8matrix_35testss_13test_matrix_3
FN:157,_RNvNtNtNtCs6ITe95fhGAv_10game_maths5maths8matrix_35testss_24test_matrix_3_order_test
FN:174,_RNvNtNtNtCs6ITe95fhGAv_10game_maths5maths8matrix_35testss_25test_matrix_3_array_stuff
FN:13,_RNvXs3_NtNtCsapaqfmejMhD_10game_maths5maths8matrix_3NtB5_8Matrix3DNtNtCs8wOFr1cHCbA_4core5clone5Clone5cloneB9_
FN:13,_RNvXs6_NtNtCsapaqfmejMhD_10game_maths5maths8matrix_3NtB5_8Matrix3DNtNtCs8wOFr1cHCbA_4core3cmp9PartialEq2eqB9_
FN:19,_RNvXNtNtCsapaqfmejMhD_10game_maths5maths8matrix_3NtB2_8Matrix3DNtNtCs8wOFr1cHCbA_4core7default7Default7default
FN:73,_RNvMs2_NtNtCsapaqfmejMhD_10game_maths5maths8matrix_3NtB5_8Matrix3D3new
FN:133,_RNvMs2_NtNtCsapaqfmejMhD_10game_maths5maths8matrix_3NtB5_8Matrix3D10index_test
FN:67,_RNvXs1_NtNtCsapaqfmejMhD_10game_maths5maths8matrix_3NtB5_8Matrix3DINtNtNtCs8wOFr1cHCbA_4core3ops5index8IndexMutTjjEE9index_mut
FN:33,_RNvXs_NtNtCsapaqfmejMhD_10game_maths5maths8matrix_3NtB4_8Matrix3DNtNtCs8wOFr1cHCbA_4core3fmt5Debug3fmt
FN:108,_RNvMs2_NtNtCsapaqfmejMhD_10game_maths5maths8matrix_3NtB5_8Matrix3D11new_vectors
FN:61,_RNvXs0_NtNtCsapaqfmejMhD_10game_maths5maths8matrix_3NtB5_8Matrix3DINtNtNtCs8wOFr1cHCbA_4core3ops5index5IndexTjjEE5index
FNDA:1,_RNCNvNtNtNtCs6ITe95fhGAv_10game_maths5maths8matrix_35tests24test_matrix_3_order_test0B9_
FNDA:1,_RNCNvNtNtNtCs6ITe95fhGAv_10game_maths5maths8matrix_35tests25test_matrix_3_array_stuff0B9_
FNDA:1,_RNCNvNtNtNtCs6ITe95fhGAv_10game_maths5maths8matrix_35tests13test_matrix_30B9_
FNDA:1,_RNvXs1_NtNtCs6ITe95fhGAv_10game_maths5maths8matrix_3NtB5_8Matrix3DINtNtNtCs8wOFr1cHCbA_4core3ops5index8IndexMutTjjEE9index_mut
FNDA:3,_RNvMs2_NtNtCs6ITe95fhGAv_10game_maths5maths8matrix_3NtB5_8Matrix3D10index_test
FNDA:4,_RNvMs2_NtNtCs6ITe95fhGAv_10game_maths5maths8matrix_3NtB5_8Matrix3D3new
FNDA:1,_RNvXs6_NtNtCs6ITe95fhGAv_10game_maths5maths8matrix_3NtB5_8Matrix3DNtNtCs8wOFr1cHCbA_4core3cmp9PartialEq2eqB9_
FNDA:10,_RNvXs0_NtNtCs6ITe95fhGAv_10game_maths5maths8matrix_3NtB5_8Matrix3DINtNtNtCs8wOFr1cHCbA_4core3ops5index5IndexTjjEE5index
FNDA:1,_RNvXNtNtCs6ITe95fhGAv_10game_maths5maths8matrix_3NtB2_8Matrix3DNtNtCs8wOFr1cHCbA_4core7default7Default7default
FNDA:0,_RNvXs_NtNtCs6ITe95fhGAv_10game_maths5maths8matrix_3NtB4_8Matrix3DNtNtCs8wOFr1cHCbA_4core3fmt5Debug3fmt
FNDA:0,_RNvMs2_NtNtCs6ITe95fhGAv_10game_maths5maths8matrix_3NtB5_8Matrix3D11new_vectors
FNDA:0,_RNvXs3_NtNtCs6ITe95fhGAv_10game_maths5maths8matrix_3NtB5_8Matrix3DNtNtCs8wOFr1cHCbA_4core5clone5Clone5cloneB9_
FNDA:1,_RNvNtNtNtCs6ITe95fhGAv_10game_maths5maths8matrix_35testss_13test_matrix_3
FNDA:1,_RNvNtNtNtCs6ITe95fhGAv_10game_maths5maths8matrix_35testss_24test_matrix_3_order_test
FNDA:1,_RNvNtNtNtCs6ITe95fhGAv_10game_maths5maths8matrix_35testss_25test_matrix_3_array_stuff
FNDA:0,_RNvXs3_NtNtCsapaqfmejMhD_10game_maths5maths8matrix_3NtB5_8Matrix3DNtNtCs8wOFr1cHCbA_4core5clone5Clone5cloneB9_
FNDA:0,_RNvXs6_NtNtCsapaqfmejMhD_10game_maths5maths8matrix_3NtB5_8Matrix3DNtNtCs8wOFr1cHCbA_4core3cmp9PartialEq2eqB9_
FNDA:1,_RNvXNtNtCsapaqfmejMhD_10game_maths5maths8matrix_3NtB2_8Matrix3DNtNtCs8wOFr1cHCbA_4core7default7Default7default
FNDA:0,_RNvMs2_NtNtCsapaqfmejMhD_10game_maths5maths8matrix_3NtB5_8Matrix3D3new
FNDA:0,_RNvMs2_NtNtCsapaqfmejMhD_10game_maths5maths8matrix_3NtB5_8Matrix3D10index_test
FNDA:0,_RNvXs1_NtNtCsapaqfmejMhD_10game_maths5maths8matrix_3NtB5_8Matrix3DINtNtNtCs8wOFr1cHCbA_4core3ops5index8IndexMutTjjEE9index_mut
FNDA:2,_RNvXs_NtNtCsapaqfmejMhD_10game_maths5maths8matrix_3NtB4_8Matrix3DNtNtCs8wOFr1cHCbA_4core3fmt5Debug3fmt
FNDA:0,_RNvMs2_NtNtCsapaqfmejMhD_10game_maths5maths8matrix_3NtB5_8Matrix3D11new_vectors
FNDA:0,_RNvXs0_NtNtCsapaqfmejMhD_10game_maths5maths8matrix_3NtB5_8Matrix3DINtNtNtCs8wOFr1cHCbA_4core3ops5index5IndexTjjEE5index
FNF:15
FNH:13
DA:13,1
DA:19,2
DA:20,2
DA:21,2
DA:22,2
DA:23,2
DA:24,2
DA:25,2
DA:26,2
DA:27,2
DA:33,2
DA:34,2
DA:35,2
DA:36,2
DA:37,2
DA:38,2
DA:39,2
DA:40,2
DA:41,2
DA:42,2
DA:43,2
DA:44,2
DA:45,2
DA:46,2
DA:47,2
DA:48,2
DA:50,2
DA:61,10
DA:62,10
DA:63,10
DA:67,1
DA:68,1
DA:69,1
DA:73,4
DA:74,4
DA:75,4
DA:76,4
DA:77,4
DA:78,4
DA:79,4
DA:80,4
DA:81,4
DA:82,4
DA:83,4
DA:108,0
DA:109,0
DA:110,0
DA:111,0
DA:112,0
DA:113,0
DA:114,0
DA:115,0
DA:133,3
DA:134,3
DA:135,3
DA:136,3
DA:137,3
DA:145,1
DA:146,1
DA:147,1
DA:148,1
DA:150,1
DA:151,1
DA:152,1
DA:153,1
DA:154,1
DA:155,1
DA:156,1
DA:157,1
DA:158,1
DA:159,1
DA:160,1
DA:162,1
DA:163,1
DA:164,1
DA:165,1
DA:166,1
DA:167,1
DA:168,1
DA:169,1
DA:170,1
DA:172,1
DA:173,1
DA:174,1
DA:175,1
DA:176,1
DA:177,1
DA:178,1
DA:179,1
DA:180,1
DA:181,1
DA:182,1
DA:183,1
DA:184,1
DA:185,1
DA:187,1
DA:188,1
DA:191,1
BRF:0
BRH:0
LF:99
LH:90
end_of_record
SF:/Users/alex/repos/victoryforphil/game-maths/src/maths/mod.rs
FN:19,_RNCNvNtNtCs6ITe95fhGAv_10game_maths5maths5tests10test_maths0B7_
FN:20,_RNvNtNtCs6ITe95fhGAv_10game_maths5maths5testss_10test_maths
FN:7,_RNvXs_NtCs6ITe95fhGAv_10game_maths5mathsNtB4_5MathsNtNtCs8wOFr1cHCbA_4core3fmt5Debug3fmt
FN:10,_RNvMNtCs6ITe95fhGAv_10game_maths5mathsNtB2_5Maths3new
FN:7,_RNvXs1_NtCs6ITe95fhGAv_10game_maths5mathsNtB5_5MathsNtNtCs8wOFr1cHCbA_4core3cmp9PartialEq2eqB7_
FN:7,_RNvXs1_NtCsapaqfmejMhD_10game_maths5mathsNtB5_5MathsNtNtCs8wOFr1cHCbA_4core3cmp9PartialEq2eqB7_
FNDA:1,_RNCNvNtNtCs6ITe95fhGAv_10game_maths5maths5tests10test_maths0B7_
FNDA:1,_RNvNtNtCs6ITe95fhGAv_10game_maths5maths5testss_10test_maths
FNDA:0,_RNvXs_NtCs6ITe95fhGAv_10game_maths5mathsNtB4_5MathsNtNtCs8wOFr1cHCbA_4core3fmt5Debug3fmt
FNDA:1,_RNvMNtCs6ITe95fhGAv_10game_maths5mathsNtB2_5Maths3new
FNDA:1,_RNvXs1_NtCs6ITe95fhGAv_10game_maths5mathsNtB5_5MathsNtNtCs8wOFr1cHCbA_4core3cmp9PartialEq2eqB7_
FNDA:0,_RNvXs1_NtCsapaqfmejMhD_10game_maths5mathsNtB5_5MathsNtNtCs8wOFr1cHCbA_4core3cmp9PartialEq2eqB7_
FNF:5
FNH:4
DA:7,1
DA:10,1
DA:11,1
DA:12,1
DA:19,1
DA:20,1
DA:21,1
DA:22,1
DA:23,1
BRF:0
BRH:0
LF:10
LH:9
end_of_record
SF:/Users/alex/repos/victoryforphil/game-maths/src/maths/vector_3.rs
FN:329,_RNCNvNtNtNtCs6ITe95fhGAv_10game_maths5maths8vector_35tests14test_vector_3d0B9_
FN:413,_RNCNvNtNtNtCs6ITe95fhGAv_10game_maths5maths8vector_35tests22test_vector_3d_add_sub0B9_
FN:356,_RNCNvNtNtNtCs6ITe95fhGAv_10game_maths5maths8vector_35tests20test_vector_3d_index0B9_
FN:388,_RNCNvNtNtNtCs6ITe95fhGAv_10game_maths5maths8vector_35tests21test_vector_3d_scalar0B9_
FN:348,_RNCNvNtNtNtCs6ITe95fhGAv_10game_maths5maths8vector_35tests25test_vector_3d_from_array0B9_
FN:382,_RNCNvNtNtNtCs6ITe95fhGAv_10game_maths5maths8vector_35tests19test_vector_3d_from0B9_
FN:375,_RNCNvNtNtNtCs6ITe95fhGAv_10game_maths5maths8vector_35tests19test_vector_3d_into0B9_
FN:340,_RNCNvNtNtNtCs6ITe95fhGAv_10game_maths5maths8vector_35tests25test_vector_3d_from_slice0B9_
FN:424,_RNCNvNtNtNtCs6ITe95fhGAv_10game_maths5maths8vector_35tests18test_vector_3d_neg0B9_
FN:364,_RNCNvNtNtNtCs6ITe95fhGAv_10game_maths5maths8vector_35tests24test_vector_3d_index_mut0B9_
FN:6,_RNvXse_NtNtCs6ITe95fhGAv_10game_maths5maths8vector_3NtB5_8Vector3DNtNtCs8wOFr1cHCbA_4core5clone5Clone5cloneB9_
FN:59,_RNvXs2_NtNtCs6ITe95fhGAv_10game_maths5maths8vector_3Afj3_INtNtCs8wOFr1cHCbA_4core7convert4FromNtB5_8Vector3DE4from
FN:180,_RNvXsa_NtNtCs6ITe95fhGAv_10game_maths5maths8vector_3NtB5_8Vector3DINtNtNtCs8wOFr1cHCbA_4core3ops5arith9DivAssigndE10div_assign
FN:83,_RNvXs4_NtNtCs6ITe95fhGAv_10game_maths5maths8vector_3NtB5_8Vector3DINtNtNtCs8wOFr1cHCbA_4core3ops5index8IndexMutjE9index_mut
FN:15,_RNvXNtNtCs6ITe95fhGAv_10game_maths5maths8vector_3NtB2_8Vector3DNtNtCs8wOFr1cHCbA_4core7default7Default7default
FN:117,_RNvXs6_NtNtCs6ITe95fhGAv_10game_maths5maths8vector_3NtB5_8Vector3DINtNtNtCs8wOFr1cHCbA_4core3ops5arith3MuldE3mul
FN:221,_RNvXsc_NtNtCs6ITe95fhGAv_10game_maths5maths8vector_3NtB5_8Vector3DNtNtNtCs8wOFr1cHCbA_4core3ops5arith3Sub3sub
FN:245,_RNvMsd_NtNtCs6ITe95fhGAv_10game_maths5maths8vector_3NtB5_8Vector3D3new
FN:25,_RNvXs_NtNtCs6ITe95fhGAv_10game_maths5maths8vector_3NtB4_8Vector3DNtNtCs8wOFr1cHCbA_4core3fmt5Debug3fmt
FN:50,_RNvXs1_NtNtCs6ITe95fhGAv_10game_maths5maths8vector_3NtB5_8Vector3DINtNtCs8wOFr1cHCbA_4core7convert4FromAdj3_E4from
FN:65,_RNvXs3_NtNtCs6ITe95fhGAv_10game_maths5maths8vector_3NtB5_8Vector3DNtNtCs8wOFr1cHCbA_4core3cmp9PartialEq2eq
FN:128,_RNvXs7_NtNtCs6ITe95fhGAv_10game_maths5maths8vector_3NtB5_8Vector3DINtNtNtCs8wOFr1cHCbA_4core3ops5arith9MulAssigndE10mul_assign
FN:169,_RNvXs9_NtNtCs6ITe95fhGAv_10game_maths5maths8vector_3NtB5_8Vector3DINtNtNtCs8wOFr1cHCbA_4core3ops5arith3DivdE3div
FN:297,_RNvMsd_NtNtCs6ITe95fhGAv_10game_maths5maths8vector_3NtB5_8Vector3D9magnitude
FN:44,_RNvXs0_NtNtCs6ITe95fhGAv_10game_maths5maths8vector_3Adj3_INtNtCs8wOFr1cHCbA_4core7convert4FromNtB5_8Vector3DE4from
FN:148,_RNvXs8_NtNtCs6ITe95fhGAv_10game_maths5maths8vector_3NtB5_8Vector3DNtNtNtCs8wOFr1cHCbA_4core3ops5arith3Neg3neg
FN:313,_RNvMsd_NtNtCs6ITe95fhGAv_10game_maths5maths8vector_3NtB5_8Vector3D9normalise
FN:200,_RNvXsb_NtNtCs6ITe95fhGAv_10game_maths5maths8vector_3NtB5_8Vector3DNtNtNtCs8wOFr1cHCbA_4core3ops5arith3Add3add
FN:95,_RNvXs5_NtNtCs6ITe95fhGAv_10game_maths5maths8vector_3NtB5_8Vector3DINtNtNtCs8wOFr1cHCbA_4core3ops5index5IndexjE5index
FN:261,_RNvMsd_NtNtCs6ITe95fhGAv_10game_maths5maths8vector_3NtB5_8Vector3D10from_slice
FN:281,_RNvMsd_NtNtCs6ITe95fhGAv_10game_maths5maths8vector_3NtB5_8Vector3D10from_array
FN:383,_RNvNtNtNtCs6ITe95fhGAv_10game_maths5maths8vector_35testss_19test_vector_3d_from
FN:365,_RNvNtNtNtCs6ITe95fhGAv_10game_maths5maths8vector_35testss_24test_vector_3d_index_mut
FN:330,_RNvNtNtNtCs6ITe95fhGAv_10game_maths5maths8vector_35testss_14test_vector_3d
FN:414,_RNvNtNtNtCs6ITe95fhGAv_10game_maths5maths8vector_35testss_22test_vector_3d_add_sub
FN:357,_RNvNtNtNtCs6ITe95fhGAv_10game_maths5maths8vector_35testss_20test_vector_3d_index
FN:425,_RNvNtNtNtCs6ITe95fhGAv_10game_maths5maths8vector_35testss_18test_vector_3d_neg
FN:389,_RNvNtNtNtCs6ITe95fhGAv_10game_maths5maths8vector_35testss_21test_vector_3d_scalar
FN:349,_RNvNtNtNtCs6ITe95fhGAv_10game_maths5maths8vector_35testss_25test_vector_3d_from_array
FN:376,_RNvNtNtNtCs6ITe95fhGAv_10game_maths5maths8vector_35testss_19test_vector_3d_into
FN:341,_RNvNtNtNtCs6ITe95fhGAv_10game_maths5maths8vector_35testss_25test_vector_3d_from_slice
FN:6,_RNvXse_NtNtCsapaqfmejMhD_10game_maths5maths8vector_3NtB5_8Vector3DNtNtCs8wOFr1cHCbA_4core5clone5Clone5cloneB9_
FN:180,_RNvXsa_NtNtCsapaqfmejMhD_10game_maths5maths8vector_3NtB5_8Vector3DINtNtNtCs8wOFr1cHCbA_4core3ops5arith9DivAssigndE10div_assign
FN:83,_RNvXs4_NtNtCsapaqfmejMhD_10game_maths5maths8vector_3NtB5_8Vector3DINtNtNtCs8wOFr1cHCbA_4core3ops5index8IndexMutjE9index_mut
FN:15,_RNvXNtNtCsapaqfmejMhD_10game_maths5maths8vector_3NtB2_8Vector3DNtNtCs8wOFr1cHCbA_4core7default7Default7default
FN:117,_RNvXs6_NtNtCsapaqfmejMhD_10game_maths5maths8vector_3NtB5_8Vector3DINtNtNtCs8wOFr1cHCbA_4core3ops5arith3MuldE3mul
FN:59,_RNvXs2_NtNtCsapaqfmejMhD_10game_maths5maths8vector_3Afj3_INtNtCs8wOFr1cHCbA_4core7convert4FromNtB5_8Vector3DE4from
FN:221,_RNvXsc_NtNtCsapaqfmejMhD_10game_maths5maths8vector_3NtB5_8Vector3DNtNtNtCs8wOFr1cHCbA_4core3ops5arith3Sub3sub
FN:25,_RNvXs_NtNtCsapaqfmejMhD_10game_maths5maths8vector_3NtB4_8Vector3DNtNtCs8wOFr1cHCbA_4core3fmt5Debug3fmt
FN:50,_RNvXs1_NtNtCsapaqfmejMhD_10game_maths5maths8vector_3NtB5_8Vector3DINtNtCs8wOFr1cHCbA_4core7convert4FromAdj3_E4from
FN:65,_RNvXs3_NtNtCsapaqfmejMhD_10game_maths5maths8vector_3NtB5_8Vector3DNtNtCs8wOFr1cHCbA_4core3cmp9PartialEq2eq
FN:128,_RNvXs7_NtNtCsapaqfmejMhD_10game_maths5maths8vector_3NtB5_8Vector3DINtNtNtCs8wOFr1cHCbA_4core3ops5arith9MulAssigndE10mul_assign
FN:169,_RNvXs9_NtNtCsapaqfmejMhD_10game_maths5maths8vector_3NtB5_8Vector3DINtNtNtCs8wOFr1cHCbA_4core3ops5arith3DivdE3div
FN:245,_RNvMsd_NtNtCsapaqfmejMhD_10game_maths5maths8vector_3NtB5_8Vector3D3new
FN:297,_RNvMsd_NtNtCsapaqfmejMhD_10game_maths5maths8vector_3NtB5_8Vector3D9magnitude
FN:44,_RNvXs0_NtNtCsapaqfmejMhD_10game_maths5maths8vector_3Adj3_INtNtCs8wOFr1cHCbA_4core7convert4FromNtB5_8Vector3DE4from
FN:148,_RNvXs8_NtNtCsapaqfmejMhD_10game_maths5maths8vector_3NtB5_8Vector3DNtNtNtCs8wOFr1cHCbA_4core3ops5arith3Neg3neg
FN:313,_RNvMsd_NtNtCsapaqfmejMhD_10game_maths5maths8vector_3NtB5_8Vector3D9normalise
FN:200,_RNvXsb_NtNtCsapaqfmejMhD_10game_maths5maths8vector_3NtB5_8Vector3DNtNtNtCs8wOFr1cHCbA_4core3ops5arith3Add3add
FN:95,_RNvXs5_NtNtCsapaqfmejMhD_10game_maths5maths8vector_3NtB5_8Vector3DINtNtNtCs8wOFr1cHCbA_4core3ops5index5IndexjE5index
FN:261,_RNvMsd_NtNtCsapaqfmejMhD_10game_maths5maths8vector_3NtB5_8Vector3D10from_slice
FN:281,_RNvMsd_NtNtCsapaqfmejMhD_10game_maths5maths8vector_3NtB5_8Vector3D10from_array
FNDA:1,_RNCNvNtNtNtCs6ITe95fhGAv_10game_maths5maths8vector_35tests14test_vector_3d0B9_
FNDA:1,_RNCNvNtNtNtCs6ITe95fhGAv_10game_maths5maths8vector_35tests22test_vector_3d_add_sub0B9_
FNDA:1,_RNCNvNtNtNtCs6ITe95fhGAv_10game_maths5maths8vector_35tests20test_vector_3d_index0B9_
FNDA:1,_RNCNvNtNtNtCs6ITe95fhGAv_10game_maths5maths8vector_35tests21test_vector_3d_scalar0B9_
FNDA:1,_RNCNvNtNtNtCs6ITe95fhGAv_10game_maths5maths8vector_35tests25test_vector_3d_from_array0B9_
FNDA:1,_RNCNvNtNtNtCs6ITe95fhGAv_10game_maths5maths8vector_35tests19test_vector_3d_from0B9_
FNDA:1,_RNCNvNtNtNtCs6ITe95fhGAv_10game_maths5maths8vector_35tests19test_vector_3d_into0B9_
FNDA:1,_RNCNvNtNtNtCs6ITe95fhGAv_10game_maths5maths8vector_35tests25test_vector_3d_from_slice0B9_
FNDA:1,_RNCNvNtNtNtCs6ITe95fhGAv_10game_maths5maths8vector_35tests18test_vector_3d_neg0B9_
FNDA:1,_RNCNvNtNtNtCs6ITe95fhGAv_10game_maths5maths8vector_35tests24test_vector_3d_index_mut0B9_
FNDA:0,_RNvXse_NtNtCs6ITe95fhGAv_10game_maths5maths8vector_3NtB5_8Vector3DNtNtCs8wOFr1cHCbA_4core5clone5Clone5cloneB9_
FNDA:0,_RNvXs2_NtNtCs6ITe95fhGAv_10game_maths5maths8vector_3Afj3_INtNtCs8wOFr1cHCbA_4core7convert4FromNtB5_8Vector3DE4from
FNDA:1,_RNvXsa_NtNtCs6ITe95fhGAv_10game_maths5maths8vector_3NtB5_8Vector3DINtNtNtCs8wOFr1cHCbA_4core3ops5arith9DivAssigndE10div_assign
FNDA:3,_RNvXs4_NtNtCs6ITe95fhGAv_10game_maths5maths8vector_3NtB5_8Vector3DINtNtNtCs8wOFr1cHCbA_4core3ops5index8IndexMutjE9index_mut
FNDA:1,_RNvXNtNtCs6ITe95fhGAv_10game_maths5maths8vector_3NtB2_8Vector3DNtNtCs8wOFr1cHCbA_4core7default7Default7default
FNDA:1,_RNvXs6_NtNtCs6ITe95fhGAv_10game_maths5maths8vector_3NtB5_8Vector3DINtNtNtCs8wOFr1cHCbA_4core3ops5arith3MuldE3mul
FNDA:1,_RNvXsc_NtNtCs6ITe95fhGAv_10game_maths5maths8vector_3NtB5_8Vector3DNtNtNtCs8wOFr1cHCbA_4core3ops5arith3Sub3sub
FNDA:13,_RNvMsd_NtNtCs6ITe95fhGAv_10game_maths5maths8vector_3NtB5_8Vector3D3new
FNDA:0,_RNvXs_NtNtCs6ITe95fhGAv_10game_maths5maths8vector_3NtB4_8Vector3DNtNtCs8wOFr1cHCbA_4core3fmt5Debug3fmt
FNDA:12,_RNvXs1_NtNtCs6ITe95fhGAv_10game_maths5maths8vector_3NtB5_8Vector3DINtNtCs8wOFr1cHCbA_4core7convert4FromAdj3_E4from
FNDA:11,_RNvXs3_NtNtCs6ITe95fhGAv_10game_maths5maths8vector_3NtB5_8Vector3DNtNtCs8wOFr1cHCbA_4core3cmp9PartialEq2eq
FNDA:1,_RNvXs7_NtNtCs6ITe95fhGAv_10game_maths5maths8vector_3NtB5_8Vector3DINtNtNtCs8wOFr1cHCbA_4core3ops5arith9MulAssigndE10mul_assign
FNDA:1,_RNvXs9_NtNtCs6ITe95fhGAv_10game_maths5maths8vector_3NtB5_8Vector3DINtNtNtCs8wOFr1cHCbA_4core3ops5arith3DivdE3div
FNDA:3,_RNvMsd_NtNtCs6ITe95fhGAv_10game_maths5maths8vector_3NtB5_8Vector3D9magnitude
FNDA:1,_RNvXs0_NtNtCs6ITe95fhGAv_10game_maths5maths8vector_3Adj3_INtNtCs8wOFr1cHCbA_4core7convert4FromNtB5_8Vector3DE4from
FNDA:1,_RNvXs8_NtNtCs6ITe95fhGAv_10game_maths5maths8vector_3NtB5_8Vector3DNtNtNtCs8wOFr1cHCbA_4core3ops5arith3Neg3neg
FNDA:1,_RNvMsd_NtNtCs6ITe95fhGAv_10game_maths5maths8vector_3NtB5_8Vector3D9normalise
FNDA:1,_RNvXsb_NtNtCs6ITe95fhGAv_10game_maths5maths8vector_3NtB5_8Vector3DNtNtNtCs8wOFr1cHCbA_4core3ops5arith3Add3add
FNDA:6,_RNvXs5_NtNtCs6ITe95fhGAv_10game_maths5maths8vector_3NtB5_8Vector3DINtNtNtCs8wOFr1cHCbA_4core3ops5index5IndexjE5index
FNDA:1,_RNvMsd_NtNtCs6ITe95fhGAv_10game_maths5maths8vector_3NtB5_8Vector3D10from_slice
FNDA:1,_RNvMsd_NtNtCs6ITe95fhGAv_10game_maths5maths8vector_3NtB5_8Vector3D10from_array
FNDA:1,_RNvNtNtNtCs6ITe95fhGAv_10game_maths5maths8vector_35testss_19test_vector_3d_from
FNDA:1,_RNvNtNtNtCs6ITe95fhGAv_10game_maths5maths8vector_35testss_24test_vector_3d_index_mut
FNDA:1,_RNvNtNtNtCs6ITe95fhGAv_10game_maths5maths8vector_35testss_14test_vector_3d
FNDA:1,_RNvNtNtNtCs6ITe95fhGAv_10game_maths5maths8vector_35testss_22test_vector_3d_add_sub
FNDA:1,_RNvNtNtNtCs6ITe95fhGAv_10game_maths5maths8vector_35testss_20test_vector_3d_index
FNDA:1,_RNvNtNtNtCs6ITe95fhGAv_10game_maths5maths8vector_35testss_18test_vector_3d_neg
FNDA:1,_RNvNtNtNtCs6ITe95fhGAv_10game_maths5maths8vector_35testss_21test_vector_3d_scalar
FNDA:1,_RNvNtNtNtCs6ITe95fhGAv_10game_maths5maths8vector_35testss_25test_vector_3d_from_array
FNDA:1,_RNvNtNtNtCs6ITe95fhGAv_10game_maths5maths8vector_35testss_19test_vector_3d_into
FNDA:1,_RNvNtNtNtCs6ITe95fhGAv_10game_maths5maths8vector_35testss_25test_vector_3d_from_slice
FNDA:0,_RNvXse_NtNtCsapaqfmejMhD_10game_maths5maths8vector_3NtB5_8Vector3DNtNtCs8wOFr1cHCbA_4core5clone5Clone5cloneB9_
FNDA:0,_RNvXsa_NtNtCsapaqfmejMhD_10game_maths5maths8vector_3NtB5_8Vector3DINtNtNtCs8wOFr1cHCbA_4core3ops5arith9DivAssigndE10div_assign
FNDA:0,_RNvXs4_NtNtCsapaqfmejMhD_10game_maths5maths8vector_3NtB5_8Vector3DINtNtNtCs8wOFr1cHCbA_4core3ops5index8IndexMutjE9index_mut
FNDA:1,_RNvXNtNtCsapaqfmejMhD_10game_maths5maths8vector_3NtB2_8Vector3DNtNtCs8wOFr1cHCbA_4core7default7Default7default
FNDA:0,_RNvXs6_NtNtCsapaqfmejMhD_10game_maths5maths8vector_3NtB5_8Vector3DINtNtNtCs8wOFr1cHCbA_4core3ops5arith3MuldE3mul
FNDA:0,_RNvXs2_NtNtCsapaqfmejMhD_10game_maths5maths8vector_3Afj3_INtNtCs8wOFr1cHCbA_4core7convert4FromNtB5_8Vector3DE4from
FNDA:0,_RNvXsc_NtNtCsapaqfmejMhD_10game_maths5maths8vector_3NtB5_8Vector3DNtNtNtCs8wOFr1cHCbA_4core3ops5arith3Sub3sub
FNDA:2,_RNvXs_NtNtCsapaqfmejMhD_10game_maths5maths8vector_3NtB4_8Vector3DNtNtCs8wOFr1cHCbA_4core3fmt5Debug3fmt
FNDA:0,_RNvXs1_NtNtCsapaqfmejMhD_10game_maths5maths8vector_3NtB5_8Vector3DINtNtCs8wOFr1cHCbA_4core7convert4FromAdj3_E4from
FNDA:0,_RNvXs3_NtNtCsapaqfmejMhD_10game_maths5maths8vector_3NtB5_8Vector3DNtNtCs8wOFr1cHCbA_4core3cmp9PartialEq2eq
FNDA:0,_RNvXs7_NtNtCsapaqfmejMhD_10game_maths5maths8vector_3NtB5_8Vector3DINtNtNtCs8wOFr1cHCbA_4core3ops5arith9MulAssigndE10mul_assign
FNDA:0,_RNvXs9_NtNtCsapaqfmejMhD_10game_maths5maths8vector_3NtB5_8Vector3DINtNtNtCs8wOFr1cHCbA_4core3ops5arith3DivdE3div
FNDA:0,_RNvMsd_NtNtCsapaqfmejMhD_10game_maths5maths8vector_3NtB5_8Vector3D3new
FNDA:0,_RNvMsd_NtNtCsapaqfmejMhD_10game_maths5maths8vector_3NtB5_8Vector3D9magnitude
FNDA:0,_RNvXs0_NtNtCsapaqfmejMhD_10game_maths5maths8vector_3Adj3_INtNtCs8wOFr1cHCbA_4core7convert4FromNtB5_8Vector3DE4from
FNDA:0,_RNvXs8_NtNtCsapaqfmejMhD_10game_maths5maths8vector_3NtB5_8Vector3DNtNtNtCs8wOFr1cHCbA_4core3ops5arith3Neg3neg
FNDA:0,_RNvMsd_NtNtCsapaqfmejMhD_10game_maths5maths8vector_3NtB5_8Vector3D9normalise
FNDA:0,_RNvXsb_NtNtCsapaqfmejMhD_10game_maths5maths8vector_3NtB5_8Vector3DNtNtNtCs8wOFr1cHCbA_4core3ops5arith3Add3add
FNDA:0,_RNvXs5_NtNtCsapaqfmejMhD_10game_maths5maths8vector_3NtB5_8Vector3DINtNtNtCs8wOFr1cHCbA_4core3ops5index5IndexjE5index
FNDA:0,_RNvMsd_NtNtCsapaqfmejMhD_10game_maths5maths8vector_3NtB5_8Vector3D10from_slice
FNDA:0,_RNvMsd_NtNtCsapaqfmejMhD_10game_maths5maths8vector_3NtB5_8Vector3D10from_array
FNF:41
FNH:39
DA:6,0
DA:15,2
DA:16,2
DA:17,2
DA:18,2
DA:19,2
DA:20,2
DA:21,2
DA:25,2
DA:26,2
DA:27,2
DA:28,2
DA:29,2
DA:30,2
DA:31,2
DA:44,1
DA:45,1
DA:46,1
DA:50,12
DA:51,12
DA:52,12
DA:53,12
DA:54,12
DA:55,12
DA:56,12
DA:59,0
DA:60,0
DA:61,0
DA:65,11
DA:66,11
DA:67,11
DA:83,3
DA:84,3
DA:85,1
DA:86,1
DA:87,1
DA:88,0
DA:90,3
DA:95,6
DA:96,6
DA:97,2
DA:98,2
DA:99,2
DA:100,0
DA:102,6
DA:117,1
DA:118,1
DA:119,1
DA:120,1
DA:121,1
DA:122,1
DA:123,1
DA:124,1
DA:128,1
DA:129,1
DA:130,1
DA:131,1
DA:132,1
DA:133,1
DA:148,1
DA:149,1
DA:150,1
DA:151,1
DA:152,1
DA:153,1
DA:154,1
DA:169,1
DA:170,1
DA:171,1
DA:172,1
DA:173,1
DA:174,1
DA:175,1
DA:176,1
DA:180,1
DA:181,1
DA:182,1
DA:183,1
DA:184,1
DA:185,1
DA:200,1
DA:201,1
DA:202,1
DA:203,1
DA:204,1
DA:205,1
DA:206,1
DA:207,1
DA:221,1
DA:222,1
DA:223,1
DA:224,1
DA:225,1
DA:226,1
DA:227,1
DA:228,1
DA:245,13
DA:246,13
DA:247,13
DA:261,1
DA:262,1
DA:263,1
DA:264,1
DA:265,1
DA:266,1
DA:267,1
DA:281,1
DA:282,1
DA:283,1
DA:284,1
DA:285,1
DA:286,1
DA:287,1
DA:297,3
DA:298,3
DA:299,3
DA:313,1
DA:314,1
DA:315,1
DA:316,1
DA:317,1
DA:318,1
DA:319,1
DA:320,1
DA:329,1
DA:330,1
DA:331,1
DA:332,1
DA:334,1
DA:335,1
DA:337,1
DA:338,1
DA:340,1
DA:341,1
DA:342,1
DA:343,1
DA:344,1
DA:345,1
DA:346,1
DA:348,1
DA:349,1
DA:350,1
DA:351,1
DA:352,1
DA:353,1
DA:354,1
DA:356,1
DA:357,1
DA:358,1
DA:359,1
DA:360,1
DA:361,1
DA:362,1
DA:364,1
DA:365,1
DA:366,1
DA:367,1
DA:368,1
DA:369,1
DA:370,1
DA:371,1
DA:372,1
DA:373,1
DA:375,1
DA:376,1
DA:377,1
DA:378,1
DA:379,1
DA:380,1
DA:382,1
DA:383,1
DA:384,1
DA:385,1
DA:386,1
DA:388,1
DA:389,1
DA:390,1
DA:391,1
DA:392,1
DA:393,1
DA:394,1
DA:396,1
DA:397,1
DA:398,1
DA:399,1
DA:400,1
DA:403,1
DA:404,1
DA:407,1
DA:408,1
DA:409,1
DA:410,1
DA:411,1
DA:413,1
DA:414,1
DA:415,1
DA:416,1
DA:417,1
DA:419,1
DA:420,1
DA:421,1
DA:422,1
DA:424,1
DA:425,1
DA:426,1
DA:427,1
DA:428,1
DA:429,1
BRF:0
BRH:0
LF:208
LH:202
end_of_record